### CustomExplorer log file, revision F-2011.09-SP1 (build 1103) ###
### created at 00:09:24 on Sat Apr 30 2022 (Linux AMD64) ###
wv_start_log
# (0) running in waveview only mode
# (0) SW_SX_PERL_LIB defined
# (0) SW_SX_TCL_LIB defined
# (0) HOME defined
wv_move_window CustomWaveView 0 0
wv_resize_window CustomWaveView 800 400
wv_move_window CustomWaveView 1080 1386
wv_move_window CustomWaveView 1069 1295
wv_resize_window CustomWaveView 1732 935
sx_open_sim_file_read {mux_post.tr0}
wv_select_hierview_item {FILE0:D0:mux_post.tr0}
wv_dclick_hierview_item {FILE0:D0:mux_post.tr0}
wv_select_hierview_item {FILE0:D0:mux_post.tr0} {toplevel}
wv_dclick_hierview_item {FILE0:D0:mux_post.tr0} {toplevel}
wv_select_sigview_item v(nout)
wv_select_sigview_item v(nout)
wv_dclick_sigview_item v(nout)
wv_select_sigview_item v(ns)
wv_dclick_sigview_item v(ns)
wv_select_sigview_item v(na)
wv_dclick_sigview_item v(na)
wv_select_sigview_item v(na)
wv_dclick_sigview_item v(na)
wv_waveview_context_menu WV1.PANEL3:1.LEGEND
wv_select_context_menu_item {Group}
wv_release_wv_item WV1 92 487
wv_select_wv_item WV1.PANEL3:1.LEGEND
wv_select_panel WV1.PANEL3:1.LEGEND
wv_select_wv_item WV1.PANEL3:1.LEGEND
wv_select_panel WV1.PANEL3:1.LEGEND
wv_select_wv_item WV1.PANEL3:1.LEGEND
wv_select_panel WV1.PANEL3:1.LEGEND
wv_waveview_context_menu WV1.PANEL3:1.LEGEND
wv_select_context_menu_item {Cut}
wv_select_dialog Confirmation
wv_press_button Confirmation.Ok
wv_select_sigview_item v(nb)
wv_dclick_sigview_item v(nb)
wv_select_panel WV1.PANEL1:1 3.61963e-10 0.930451
wv_drag_item_to WV1 246 63
wv_zoom WV1.PANEL1:1 3.61963e-10 0.930451 8.74233e-10 -0.0630045
wv_select_wv_item WV1.LEGEND.WIDTH
wv_drag_item_to WV1 84 125
wv_move_wv_item WV1.PANEL1:1.LEGEND.WIDTH 92
wv_select_wv_item WV1.PANEL1:1.VSLIDER 98 106
wv_drag_item_to WV1 99 71
wv_drag_item_to WV1 99 69
wv_vert_scroll WV1.PANEL1:1 0
wv_select_panel WV1.PANEL1:1 4.00074e-10 0.408491
wv_release_wv_item WV1 228 163
wv_select_wv_item {WV1.ICON.add cursor}
wv_release_wv_item WV1 81 17
wv_release_wv_item WV1 81 17
wv_select_wv_item WV1.PANEL1:1.CURSOR1
wv_drag_item_to WV1 813 165
wv_move_wv_item WV1.PANEL1:1.CURSOR1 283 250
wv_select_wv_item {WV1.ICON.add cursor}
wv_release_wv_item WV1 80 14
wv_select_wv_item WV1.PANEL1:1.CURSOR2
wv_drag_item_to WV1 778 228
wv_move_wv_item WV1.PANEL1:1.CURSOR2 633 239
